{"E:\\My Work\\Shoppable\\projects\\authentication\\src\\public-api.ts": {"path":"E:\\My Work\\Shoppable\\projects\\authentication\\src\\public-api.ts","statementMap":{"0":{"start":{"line":5,"column":0},"end":{"line":5,"column":45}},"1":{"start":{"line":6,"column":0},"end":{"line":6,"column":47}},"2":{"start":{"line":7,"column":0},"end":{"line":7,"column":44}}},"fnMap":{},"branchMap":{},"s":{"0":0,"1":0,"2":0},"f":{},"b":{}}
,"E:\\My Work\\Shoppable\\projects\\authentication\\src\\lib\\authentication.component.ts": {"path":"E:\\My Work\\Shoppable\\projects\\authentication\\src\\lib\\authentication.component.ts","statementMap":{"0":{"start":{"line":2,"column":0},"end":{"line":2,"column":42}},"1":{"start":{"line":13,"column":0},"end":{"line":13,"column":null}},"2":{"start":{"line":13,"column":13},"end":{"line":13,"column":null}},"3":{"start":{"line":13,"column":13},"end":{"line":13,"column":36}}},"fnMap":{},"branchMap":{},"s":{"0":1,"1":1,"2":1,"3":1},"f":{},"b":{}}
,"E:\\My Work\\Shoppable\\projects\\authentication\\src\\lib\\authentication.directive.ts": {"path":"E:\\My Work\\Shoppable\\projects\\authentication\\src\\lib\\authentication.directive.ts","statementMap":{"0":{"start":{"line":1,"column":0},"end":{"line":1,"column":54}},"1":{"start":{"line":6,"column":0},"end":{"line":12,"column":null}},"2":{"start":{"line":8,"column":8},"end":{"line":8,"column":59}},"3":{"start":{"line":9,"column":8},"end":{"line":9,"column":57}},"4":{"start":{"line":10,"column":8},"end":{"line":10,"column":47}},"5":{"start":{"line":6,"column":13},"end":{"line":12,"column":null}},"6":{"start":{"line":6,"column":13},"end":{"line":6,"column":36}}},"fnMap":{"0":{"name":"(anonymous_0)","decl":{"start":{"line":7,"column":4},"end":{"line":7,"column":16}},"loc":{"start":{"line":7,"column":30},"end":{"line":11,"column":5}}}},"branchMap":{},"s":{"0":1,"1":1,"2":4,"3":4,"4":4,"5":1,"6":1},"f":{"0":4},"b":{}}
,"E:\\My Work\\Shoppable\\projects\\authentication\\src\\lib\\authentication.service.ts": {"path":"E:\\My Work\\Shoppable\\projects\\authentication\\src\\lib\\authentication.service.ts","statementMap":{"0":{"start":{"line":1,"column":0},"end":{"line":1,"column":43}},"1":{"start":{"line":2,"column":0},"end":{"line":2,"column":50}},"2":{"start":{"line":15,"column":0},"end":{"line":26,"column":null}},"3":{"start":{"line":16,"column":24},"end":{"line":16,"column":30}},"4":{"start":{"line":17,"column":4},"end":{"line":22,"column":6}},"5":{"start":{"line":24,"column":8},"end":{"line":24,"column":85}},"6":{"start":{"line":15,"column":13},"end":{"line":26,"column":null}},"7":{"start":{"line":15,"column":13},"end":{"line":15,"column":34}}},"fnMap":{"0":{"name":"(anonymous_0)","decl":{"start":{"line":16,"column":4},"end":{"line":16,"column":24}},"loc":{"start":{"line":16,"column":40},"end":{"line":16,"column":44}}},"1":{"name":"(anonymous_1)","decl":{"start":{"line":23,"column":4},"end":{"line":23,"column":13}},"loc":{"start":{"line":23,"column":13},"end":{"line":25,"column":5}}}},"branchMap":{},"s":{"0":1,"1":1,"2":1,"3":1,"4":1,"5":1,"6":1,"7":1},"f":{"0":1,"1":1},"b":{}}
,"E:\\My Work\\Shoppable\\projects\\authentication\\src\\lib\\test\\test.component.ts": {"path":"E:\\My Work\\Shoppable\\projects\\authentication\\src\\lib\\test\\test.component.ts","statementMap":{"0":{"start":{"line":1,"column":0},"end":{"line":1,"column":50}},"1":{"start":{"line":2,"column":0},"end":{"line":2,"column":72}},"2":{"start":{"line":9,"column":0},"end":{"line":25,"column":null}},"3":{"start":{"line":10,"column":24},"end":{"line":10,"column":29}},"4":{"start":{"line":11,"column":4},"end":{"line":11,"column":89}},"5":{"start":{"line":12,"column":4},"end":{"line":12,"column":21}},"6":{"start":{"line":17,"column":8},"end":{"line":19,"column":11}},"7":{"start":{"line":18,"column":12},"end":{"line":18,"column":27}},"8":{"start":{"line":22,"column":8},"end":{"line":22,"column":30}},"9":{"start":{"line":23,"column":8},"end":{"line":23,"column":29}},"10":{"start":{"line":9,"column":13},"end":{"line":25,"column":null}},"11":{"start":{"line":9,"column":13},"end":{"line":9,"column":26}}},"fnMap":{"0":{"name":"(anonymous_0)","decl":{"start":{"line":10,"column":4},"end":{"line":10,"column":24}},"loc":{"start":{"line":10,"column":50},"end":{"line":10,"column":54}}},"1":{"name":"(anonymous_1)","decl":{"start":{"line":16,"column":4},"end":{"line":16,"column":12}},"loc":{"start":{"line":16,"column":12},"end":{"line":20,"column":5}}},"2":{"name":"(anonymous_2)","decl":{"start":{"line":17,"column":39},"end":{"line":17,"column":40}},"loc":{"start":{"line":17,"column":47},"end":{"line":19,"column":9}}},"3":{"name":"(anonymous_3)","decl":{"start":{"line":21,"column":4},"end":{"line":21,"column":13}},"loc":{"start":{"line":21,"column":13},"end":{"line":24,"column":5}}}},"branchMap":{},"s":{"0":0,"1":0,"2":0,"3":0,"4":0,"5":0,"6":0,"7":0,"8":0,"9":0,"10":0,"11":0},"f":{"0":0,"1":0,"2":0,"3":0},"b":{}}
,"E:\\My Work\\Shoppable\\src\\app\\app.component.ts": {"path":"E:\\My Work\\Shoppable\\src\\app\\app.component.ts","statementMap":{"0":{"start":{"line":1,"column":0},"end":{"line":1,"column":42}},"1":{"start":{"line":8,"column":0},"end":{"line":10,"column":null}},"2":{"start":{"line":9,"column":2},"end":{"line":9,"column":22}},"3":{"start":{"line":8,"column":13},"end":{"line":10,"column":null}},"4":{"start":{"line":8,"column":13},"end":{"line":8,"column":25}}},"fnMap":{"0":{"name":"(anonymous_0)","decl":{"start":{"line":8,"column":0},"end":{"line":8,"column":13}},"loc":{"start":{"line":8,"column":0},"end":{"line":10,"column":1}}}},"branchMap":{},"s":{"0":0,"1":0,"2":0,"3":0,"4":0},"f":{"0":0},"b":{}}
}
