TN:
SF:E:\My Work\Shoppable\projects\authentication\src\public-api.ts
FNF:0
FNH:0
DA:5,0
DA:6,0
DA:7,0
LF:3
LH:0
BRF:0
BRH:0
end_of_record
TN:
SF:E:\My Work\Shoppable\projects\authentication\src\lib\authentication.component.ts
FNF:0
FNH:0
DA:2,1
DA:13,1
LF:2
LH:2
BRF:0
BRH:0
end_of_record
TN:
SF:E:\My Work\Shoppable\projects\authentication\src\lib\authentication.directive.ts
FN:7,(anonymous_0)
FNF:1
FNH:1
FNDA:4,(anonymous_0)
DA:1,1
DA:6,1
DA:8,4
DA:9,4
DA:10,4
LF:5
LH:5
BRF:0
BRH:0
end_of_record
TN:
SF:E:\My Work\Shoppable\projects\authentication\src\lib\authentication.service.ts
FN:16,(anonymous_0)
FN:23,(anonymous_1)
FNF:2
FNH:2
FNDA:1,(anonymous_0)
FNDA:1,(anonymous_1)
DA:1,1
DA:2,1
DA:15,1
DA:16,1
DA:17,1
DA:24,1
LF:6
LH:6
BRF:0
BRH:0
end_of_record
TN:
SF:E:\My Work\Shoppable\projects\authentication\src\lib\test\test.component.ts
FN:10,(anonymous_0)
FN:16,(anonymous_1)
FN:17,(anonymous_2)
FN:21,(anonymous_3)
FNF:4
FNH:0
FNDA:0,(anonymous_0)
FNDA:0,(anonymous_1)
FNDA:0,(anonymous_2)
FNDA:0,(anonymous_3)
DA:1,0
DA:2,0
DA:9,0
DA:10,0
DA:11,0
DA:12,0
DA:17,0
DA:18,0
DA:22,0
DA:23,0
LF:10
LH:0
BRF:0
BRH:0
end_of_record
TN:
SF:E:\My Work\Shoppable\src\app\app.component.ts
FN:8,(anonymous_0)
FNF:1
FNH:0
FNDA:0,(anonymous_0)
DA:1,0
DA:8,0
DA:9,0
LF:3
LH:0
BRF:0
BRH:0
end_of_record
